<?xml version="1.0" encoding="UTF-8"?>
<!-- Generated by org.testng.reporters.JUnitReportReporter -->
<testsuite hostname="Alice" failures="0" tests="1" name="tests.OrderTest" time="5.136" errors="0" timestamp="2022-11-09T15:10:03 EET" skipped="0">
  <testcase classname="tests.OrderTest" name="testAddToCartFunctionality" time="5.136"/>
  <system-out/>
</testsuite> <!-- tests.OrderTest -->
