<?xml version="1.0" encoding="UTF-8"?>
<!-- Generated by org.testng.reporters.JUnitReportReporter -->
<testsuite hostname="DESKTOP-4Q05UBU" failures="0" tests="1" name="tests.OrderTest" time="5.520" errors="0" timestamp="2023-04-11T11:29:51 EEST" skipped="0">
  <testcase classname="tests.OrderTest" name="testAddToCartFunctionality" time="5.520"/>
  <system-out/>
</testsuite> <!-- tests.OrderTest -->
